{"level":"info","message":"Command: REMOVEOGYou are not an admin!"}
{"level":"info","message":"Command: ADDADMINError: invalid userId"}
{"level":"info","message":"Command: ADDADMINError: invalid userId"}
{"level":"info","message":"Command: ADDADMINError: invalid userId"}
{"level":"info","message":"Command: ADDADMINError: invalid userId"}
{"level":"error","message":"Unhandled Rejection at:undefined"}
{"level":"info","message":"Command: ADDADMINError: invalid userId"}
{"level":"info","message":"Command: ADDADMINError: invalid userId"}
{"level":"info","message":"Command: ADDADMINError: invalid userId"}
{"level":"info","message":"Command: ADDADMINError: invalid userId"}
{"level":"info","message":"Command: ADDADMINError: invalid userId"}
{"level":"info","message":"Command: ADDADMINError: invalid userId"}
{"level":"info","message":"Command: ADDADMINError: invalid userId"}
{"level":"info","message":"Command: ADDADMINError: invalid userId"}
{"level":"info","message":"Command: ADDADMINError: invalid userId"}
{"level":"info","message":"Command: ADDADMINError: invalid userId"}
{"level":"info","message":"Command: ADDADMINError: invalid userId"}
{"level":"info","message":"Command: ADDADMINError: invalid userId"}
{"level":"info","message":"Command: ADDADMINError: invalid userId"}
{"level":"info","message":"Command: ADDADMINError: invalid userId"}
{"level":"info","message":"Command: ADDADMINError: invalid userId"}
{"level":"info","message":"Command: ADDADMINError: invalid userId"}
{"level":"info","message":"Command: ADDADMINError: invalid userId"}
{"level":"info","message":"Command: ADDADMINError: invalid userId"}
{"level":"info","message":"Command: ADDADMINError: invalid userId"}
{"level":"info","message":"Command: WHOYou are not a superuser!"}
{"level":"info","message":"Command: WHOYou are not a superuser!"}
{"level":"info","message":"Command: ADDADMINError: invalid userId"}
{"level":"info","message":"Command: ADDHOUSEWrong arguments!"}
